2026-04-06 21:42:22.715 | ERROR    | database | database.connection:session:105 | Session rollback | error=500: Template admin/dashboard.html not found.
2026-04-06 21:42:23.135 | ERROR    | database | database.connection:session:105 | Session rollback | error=500: Template admin/bots/list.html not found.
2026-04-06 21:42:23.569 | ERROR    | database | database.connection:session:105 | Session rollback | error=500: Template admin/ads/list.html not found.
2026-04-06 21:42:23.719 | ERROR    | database | database.connection:session:105 | Session rollback | error=500: Template admin/ads/create.html not found.
2026-04-06 21:42:24.644 | ERROR    | database | database.connection:session:105 | Session rollback | error=500: Template admin/stats/overview.html not found.
2026-04-06 21:42:24.957 | ERROR    | database | database.connection:session:105 | Session rollback | error=Textual SQL expression 'SELECT 1' should be explicitly declared as text('SELECT 1')
2026-04-06 21:43:08.037 | ERROR    | database | database.connection:session:105 | Session rollback | error=Textual SQL expression 'SELECT 1' should be explicitly declared as text('SELECT 1')
2026-04-06 21:44:39.911 | ERROR    | database | database.connection:session:105 | Session rollback | error=Textual SQL expression 'SELECT 1' should be explicitly declared as text('SELECT 1')
2026-04-06 21:58:14.731 | ERROR    | database | database.connection:session:105 | Session rollback | error=Textual SQL expression 'SELECT 1' should be explicitly declared as text('SELECT 1')
2026-04-06 22:15:49.164 | INFO     | database | database.connection:connect:56 | Connecting to database... | url=sqlite+aiosqlite:///database.db
2026-04-06 22:15:49.194 | SUCCESS  | database | database.connection:connect:76 | Database connected successfully
2026-04-06 22:15:49.599 | INFO     | database | database.connection:connect:56 | Connecting to database... | url=sqlite+aiosqlite:///database.db
2026-04-06 22:15:49.630 | SUCCESS  | database | database.connection:connect:76 | Database connected successfully
2026-04-06 22:15:49.646 | INFO     | database | database.connection:connect:56 | Connecting to database... | url=sqlite+aiosqlite:///database.db
2026-04-06 22:15:49.679 | SUCCESS  | database | database.connection:connect:76 | Database connected successfully
2026-04-06 22:15:49.740 | INFO     | database | database.connection:connect:56 | Connecting to database... | url=sqlite+aiosqlite:///database.db
2026-04-06 22:15:49.761 | SUCCESS  | database | database.connection:connect:76 | Database connected successfully
2026-04-06 22:15:50.096 | ERROR    | database | database.connection:session:105 | Session rollback | error=(sqlite3.OperationalError) no such table: bots
[SQL: SELECT bots.id, bots.token, bots.bot_id, bots.username, bots.name, bots.description, bots.status, bots.is_webhook, bots.webhook_url, bots.webhook_secret, bots.total_users, bots.active_users, bots.total_downloads, bots.created_at, bots.updated_at 
FROM bots 
WHERE bots.status = ? ORDER BY bots.created_at DESC
 LIMIT ? OFFSET ?]
[parameters: ('ACTIVE', 100, 0)]
(Background on this error at: https://sqlalche.me/e/20/e3q8)
2026-04-06 22:15:50.114 | ERROR    | database | database.connection:session:105 | Session rollback | error=(sqlite3.OperationalError) no such table: bots
[SQL: SELECT bots.id, bots.token, bots.bot_id, bots.username, bots.name, bots.description, bots.status, bots.is_webhook, bots.webhook_url, bots.webhook_secret, bots.total_users, bots.active_users, bots.total_downloads, bots.created_at, bots.updated_at 
FROM bots 
WHERE bots.status = ? ORDER BY bots.created_at DESC
 LIMIT ? OFFSET ?]
[parameters: ('ACTIVE', 100, 0)]
(Background on this error at: https://sqlalche.me/e/20/e3q8)
2026-04-06 22:15:50.154 | ERROR    | database | database.connection:session:105 | Session rollback | error=(sqlite3.OperationalError) no such table: bots
[SQL: SELECT bots.id, bots.token, bots.bot_id, bots.username, bots.name, bots.description, bots.status, bots.is_webhook, bots.webhook_url, bots.webhook_secret, bots.total_users, bots.active_users, bots.total_downloads, bots.created_at, bots.updated_at 
FROM bots 
WHERE bots.status = ? ORDER BY bots.created_at DESC
 LIMIT ? OFFSET ?]
[parameters: ('ACTIVE', 100, 0)]
(Background on this error at: https://sqlalche.me/e/20/e3q8)
2026-04-06 22:15:50.165 | ERROR    | database | database.connection:session:105 | Session rollback | error=(sqlite3.OperationalError) no such table: bots
[SQL: SELECT bots.id, bots.token, bots.bot_id, bots.username, bots.name, bots.description, bots.status, bots.is_webhook, bots.webhook_url, bots.webhook_secret, bots.total_users, bots.active_users, bots.total_downloads, bots.created_at, bots.updated_at 
FROM bots 
WHERE bots.status = ? ORDER BY bots.created_at DESC
 LIMIT ? OFFSET ?]
[parameters: ('ACTIVE', 100, 0)]
(Background on this error at: https://sqlalche.me/e/20/e3q8)
2026-04-06 22:16:00.207 | INFO     | database | database.connection:connect:56 | Connecting to database... | url=sqlite+aiosqlite:///database.db
2026-04-06 22:16:00.234 | SUCCESS  | database | database.connection:connect:76 | Database connected successfully
2026-04-06 22:16:00.412 | INFO     | database | database.connection:connect:56 | Connecting to database... | url=sqlite+aiosqlite:///database.db
2026-04-06 22:16:00.433 | ERROR    | database | database.connection:session:105 | Session rollback | error=(sqlite3.OperationalError) no such table: bots
[SQL: SELECT bots.id, bots.token, bots.bot_id, bots.username, bots.name, bots.description, bots.status, bots.is_webhook, bots.webhook_url, bots.webhook_secret, bots.total_users, bots.active_users, bots.total_downloads, bots.created_at, bots.updated_at 
FROM bots 
WHERE bots.status = ? ORDER BY bots.created_at DESC
 LIMIT ? OFFSET ?]
[parameters: ('ACTIVE', 100, 0)]
(Background on this error at: https://sqlalche.me/e/20/e3q8)
2026-04-06 22:16:00.438 | SUCCESS  | database | database.connection:connect:76 | Database connected successfully
2026-04-06 22:16:00.614 | INFO     | database | database.connection:connect:56 | Connecting to database... | url=sqlite+aiosqlite:///database.db
2026-04-06 22:16:00.665 | SUCCESS  | database | database.connection:connect:76 | Database connected successfully
2026-04-06 22:16:00.718 | ERROR    | database | database.connection:session:105 | Session rollback | error=(sqlite3.OperationalError) no such table: bots
[SQL: SELECT bots.id, bots.token, bots.bot_id, bots.username, bots.name, bots.description, bots.status, bots.is_webhook, bots.webhook_url, bots.webhook_secret, bots.total_users, bots.active_users, bots.total_downloads, bots.created_at, bots.updated_at 
FROM bots 
WHERE bots.status = ? ORDER BY bots.created_at DESC
 LIMIT ? OFFSET ?]
[parameters: ('ACTIVE', 100, 0)]
(Background on this error at: https://sqlalche.me/e/20/e3q8)
2026-04-06 22:16:00.763 | INFO     | database | database.connection:connect:56 | Connecting to database... | url=sqlite+aiosqlite:///database.db
2026-04-06 22:16:00.797 | SUCCESS  | database | database.connection:connect:76 | Database connected successfully
2026-04-06 22:16:00.915 | ERROR    | database | database.connection:session:105 | Session rollback | error=(sqlite3.OperationalError) no such table: bots
[SQL: SELECT bots.id, bots.token, bots.bot_id, bots.username, bots.name, bots.description, bots.status, bots.is_webhook, bots.webhook_url, bots.webhook_secret, bots.total_users, bots.active_users, bots.total_downloads, bots.created_at, bots.updated_at 
FROM bots 
WHERE bots.status = ? ORDER BY bots.created_at DESC
 LIMIT ? OFFSET ?]
[parameters: ('ACTIVE', 100, 0)]
(Background on this error at: https://sqlalche.me/e/20/e3q8)
2026-04-06 22:16:00.996 | ERROR    | database | database.connection:session:105 | Session rollback | error=(sqlite3.OperationalError) no such table: bots
[SQL: SELECT bots.id, bots.token, bots.bot_id, bots.username, bots.name, bots.description, bots.status, bots.is_webhook, bots.webhook_url, bots.webhook_secret, bots.total_users, bots.active_users, bots.total_downloads, bots.created_at, bots.updated_at 
FROM bots 
WHERE bots.status = ? ORDER BY bots.created_at DESC
 LIMIT ? OFFSET ?]
[parameters: ('ACTIVE', 100, 0)]
(Background on this error at: https://sqlalche.me/e/20/e3q8)
2026-04-06 22:16:22.081 | INFO     | database | database.connection:connect:56 | Connecting to database... | url=sqlite+aiosqlite:///database.db
2026-04-06 22:16:22.103 | SUCCESS  | database | database.connection:connect:76 | Database connected successfully
2026-04-06 22:16:24.794 | ERROR    | database | database.connection:session:105 | Session rollback | error=(sqlite3.OperationalError) no such table: bots
[SQL: SELECT bots.id, bots.token, bots.bot_id, bots.username, bots.name, bots.description, bots.status, bots.is_webhook, bots.webhook_url, bots.webhook_secret, bots.total_users, bots.active_users, bots.total_downloads, bots.created_at, bots.updated_at 
FROM bots 
WHERE bots.status = ? ORDER BY bots.created_at DESC
 LIMIT ? OFFSET ?]
[parameters: ('ACTIVE', 100, 0)]
(Background on this error at: https://sqlalche.me/e/20/e3q8)
2026-04-06 22:16:25.431 | INFO     | database | database.connection:connect:56 | Connecting to database... | url=sqlite+aiosqlite:///database.db
2026-04-06 22:16:25.448 | SUCCESS  | database | database.connection:connect:76 | Database connected successfully
2026-04-06 22:16:25.542 | ERROR    | database | database.connection:session:105 | Session rollback | error=(sqlite3.OperationalError) no such table: bots
[SQL: SELECT bots.id, bots.token, bots.bot_id, bots.username, bots.name, bots.description, bots.status, bots.is_webhook, bots.webhook_url, bots.webhook_secret, bots.total_users, bots.active_users, bots.total_downloads, bots.created_at, bots.updated_at 
FROM bots 
WHERE bots.status = ? ORDER BY bots.created_at DESC
 LIMIT ? OFFSET ?]
[parameters: ('ACTIVE', 100, 0)]
(Background on this error at: https://sqlalche.me/e/20/e3q8)
2026-04-06 22:16:26.119 | INFO     | database | database.connection:connect:56 | Connecting to database... | url=sqlite+aiosqlite:///database.db
2026-04-06 22:16:26.135 | SUCCESS  | database | database.connection:connect:76 | Database connected successfully
2026-04-06 22:16:26.255 | ERROR    | database | database.connection:session:105 | Session rollback | error=(sqlite3.OperationalError) no such table: bots
[SQL: SELECT bots.id, bots.token, bots.bot_id, bots.username, bots.name, bots.description, bots.status, bots.is_webhook, bots.webhook_url, bots.webhook_secret, bots.total_users, bots.active_users, bots.total_downloads, bots.created_at, bots.updated_at 
FROM bots 
WHERE bots.status = ? ORDER BY bots.created_at DESC
 LIMIT ? OFFSET ?]
[parameters: ('ACTIVE', 100, 0)]
(Background on this error at: https://sqlalche.me/e/20/e3q8)
2026-04-06 22:16:26.264 | INFO     | database | database.connection:connect:56 | Connecting to database... | url=sqlite+aiosqlite:///database.db
2026-04-06 22:16:26.282 | SUCCESS  | database | database.connection:connect:76 | Database connected successfully
2026-04-06 22:16:26.400 | ERROR    | database | database.connection:session:105 | Session rollback | error=(sqlite3.OperationalError) no such table: bots
[SQL: SELECT bots.id, bots.token, bots.bot_id, bots.username, bots.name, bots.description, bots.status, bots.is_webhook, bots.webhook_url, bots.webhook_secret, bots.total_users, bots.active_users, bots.total_downloads, bots.created_at, bots.updated_at 
FROM bots 
WHERE bots.status = ? ORDER BY bots.created_at DESC
 LIMIT ? OFFSET ?]
[parameters: ('ACTIVE', 100, 0)]
(Background on this error at: https://sqlalche.me/e/20/e3q8)
2026-04-06 22:21:27.680 | INFO     | database | database.connection:connect:56 | Connecting to database... | url=localhost:5432/mediaflow
2026-04-06 22:21:28.045 | INFO     | database | database.connection:connect:56 | Connecting to database... | url=localhost:5432/mediaflow
2026-04-06 22:21:28.266 | INFO     | database | database.connection:connect:56 | Connecting to database... | url=localhost:5432/mediaflow
2026-04-06 22:21:28.315 | INFO     | database | database.connection:connect:56 | Connecting to database... | url=localhost:5432/mediaflow
2026-04-06 22:29:54.418 | INFO     | database | database.connection:connect:56 | Connecting to database... | url=localhost:5432/mediaflow
2026-04-06 22:29:54.859 | INFO     | database | database.connection:connect:56 | Connecting to database... | url=localhost:5432/mediaflow
2026-04-06 22:29:54.962 | SUCCESS  | database | database.connection:connect:76 | Database connected successfully
2026-04-06 22:29:55.079 | SUCCESS  | database | database.connection:connect:76 | Database connected successfully
2026-04-06 22:29:55.667 | INFO     | database | database.connection:connect:56 | Connecting to database... | url=localhost:5432/mediaflow
2026-04-06 22:29:55.867 | SUCCESS  | database | database.connection:connect:76 | Database connected successfully
2026-04-06 22:29:56.128 | INFO     | database | database.connection:connect:56 | Connecting to database... | url=localhost:5432/mediaflow
2026-04-06 22:29:56.270 | SUCCESS  | database | database.connection:connect:76 | Database connected successfully
2026-04-06 22:31:03.675 | INFO     | database | database.connection:disconnect:85 | Disconnecting from database...
2026-04-06 22:31:03.676 | INFO     | database | database.connection:disconnect:92 | Database disconnected
2026-04-06 22:31:03.675 | INFO     | database | database.connection:disconnect:85 | Disconnecting from database...
2026-04-06 22:31:03.677 | INFO     | database | database.connection:disconnect:92 | Database disconnected
